<?xml version="1.0" encoding="UTF-8"?>
<testsuite xmlns:xsi="http://www.w3.org/2001/XMLSchema-instance" xsi:noNamespaceSchemaLocation="https://maven.apache.org/surefire/maven-surefire-plugin/xsd/surefire-test-report.xsd" version="3.0.2" name="com.docencia.tutorial01.Tutorial01ApplicationTests" time="15.192" tests="1" errors="0" skipped="0" failures="0">
  <properties>
[...]
</properties>
  <testcase name="contextLoads" classname="com.docencia.tutorial01.Tutorial01ApplicationTests" time="3.753">
    <system-out><![CDATA[14:27:34.987 [main] INFO org.springframework.test.context.support.AnnotationConfigContextLoaderUtils -- Could not detect default configuration classes for test class [com.docencia.tutorial01.Tutorial01ApplicationTests]: Tutorial01ApplicationTests does not declare any static, non-private, non-final, nested classes annotated with @Configuration.
14:27:35.642 [main] INFO org.springframework.boot.test.context.SpringBootTestContextBootstrapper -- Found @SpringBootConfiguration com.docencia.tutorial01.Tutorial01Application for test class com.docencia.tutorial01.Tutorial01ApplicationTests

  .   ____          _            __ _ _
 /\\ / ___'_ __ _ _(_)_ __  __ _ \ \ \ \
( ( )\___ | '_ | '_| | '_ \/ _` | \ \ \ \
 \\/  ___)| |_)| | | | | || (_| |  ) ) ) )
  '  |____| .__|_| |_|_| |_\__, | / / / /
 =========|_|==============|___/=/_/_/_/

 :: Spring Boot ::                (v3.5.4)

2025-10-15T14:27:38.816-05:00  INFO 11536 --- [tutorial01] [           main] c.d.t.Tutorial01ApplicationTests         : Starting Tutorial01ApplicationTests using Java 24.0.1 with PID 11536 (started by Sara in C:\Users\Sara\OneDrive\Documentos\PROGRAMMING\ARQUITECTURA\tutoriales\tutorial01\tutorial01)
2025-10-15T14:27:38.822-05:00  INFO 11536 --- [tutorial01] [           main] c.d.t.Tutorial01ApplicationTests         : No active profile set, falling back to 1 default profile: "default"
2025-10-15T14:27:45.471-05:00  INFO 11536 --- [tutorial01] [           main] c.d.t.Tutorial01ApplicationTests         : Started Tutorial01ApplicationTests in 9.252 seconds (process running for 13.595)
]]></system-out>
    <system-err><![CDATA[Mockito is currently self-attaching to enable the inline-mock-maker. This will no longer work in future releases of the JDK. Please add Mockito as an agent to your build as described in Mockito's documentation: https://javadoc.io/doc/org.mockito/mockito-core/latest/org.mockito/org/mockito/Mockito.html#0.3
WARNING: A Java agent has been loaded dynamically (C:\Users\Sara\.m2\repository\net\bytebuddy\byte-buddy-agent\1.17.6\byte-buddy-agent-1.17.6.jar)
WARNING: If a serviceability tool is in use, please run with -XX:+EnableDynamicAgentLoading to hide this warning
WARNING: If a serviceability tool is not in use, please run with -Djdk.instrument.traceUsage for more information
WARNING: Dynamic loading of agents will be disallowed by default in a future release
]]></system-err>
  </testcase>
</testsuite>